<?xml version="1.0" encoding="UTF-8"?>
<testng-results ignored="0" total="1" passed="1" failed="0" skipped="0">
  <reporter-output>
  </reporter-output>
  <suite started-at="2022-11-20T16:39:27 EST" name="Maven Class" finished-at="2022-11-20T16:39:27 EST" duration-ms="58">
    <groups>
    </groups>
    <test started-at="2022-11-20T16:39:27 EST" name="Maven Class One" finished-at="2022-11-20T16:39:27 EST" duration-ms="58">
      <class name="SeleniumMaven.MavenDemo.MavenReview">
        <test-method signature="MavenClassOne()[pri:0, instance:SeleniumMaven.MavenDemo.MavenReview@3d5c822d]" started-at="2022-11-20T16:39:27 EST" name="MavenClassOne" finished-at="2022-11-20T16:39:27 EST" duration-ms="11" status="PASS">
          <reporter-output>
          </reporter-output>
        </test-method> <!-- MavenClassOne -->
      </class> <!-- SeleniumMaven.MavenDemo.MavenReview -->
    </test> <!-- Maven Class One -->
  </suite> <!-- Maven Class -->
</testng-results>
